{
  "RSpec": {
    "coverage": {
      "/Users/alastairchau/projects/solo_projects/bank_tech_test/spec/account_spec.rb": {
        "lines": [
          1,
          null,
          1,
          null,
          4,
          1,
          null,
          1,
          1,
          null,
          null,
          1,
          1,
          null,
          null,
          1,
          1,
          1,
          1,
          null,
          1,
          null,
          1,
          null,
          null,
          null,
          1,
          1,
          1,
          1,
          null,
          1,
          null,
          1,
          null,
          null,
          null,
          1,
          1,
          1,
          1,
          null,
          1,
          1,
          null,
          1,
          null,
          null,
          null,
          null
        ]
      },
      "/Users/alastairchau/projects/solo_projects/bank_tech_test/lib/account.rb": {
        "lines": [
          1,
          1,
          null,
          1,
          null,
          1,
          null,
          1,
          6,
          6,
          6,
          6,
          null,
          null,
          1,
          4,
          4,
          null,
          null,
          1,
          3,
          3,
          null,
          null,
          1,
          1,
          null,
          null,
          1,
          null,
          1,
          4,
          null,
          null,
          1,
          3,
          null,
          null
        ]
      },
      "/Users/alastairchau/projects/solo_projects/bank_tech_test/lib/transaction.rb": {
        "lines": [
          null,
          1,
          null,
          1,
          null,
          1,
          null,
          10,
          null,
          7,
          7,
          7,
          7,
          null,
          null,
          1,
          null,
          1,
          10,
          9,
          8,
          null,
          null,
          null
        ]
      },
      "/Users/alastairchau/projects/solo_projects/bank_tech_test/lib/statement_printer.rb": {
        "lines": [
          null,
          1,
          null,
          1,
          2,
          null,
          null,
          1,
          3,
          null,
          3,
          10,
          null,
          null,
          null,
          1,
          null,
          1,
          2,
          null,
          null,
          1,
          20,
          null,
          null,
          1,
          10,
          null,
          null,
          null
        ]
      },
      "/Users/alastairchau/projects/solo_projects/bank_tech_test/spec/integration_spec.rb": {
        "lines": [
          1,
          1,
          1,
          null,
          1,
          1,
          1,
          1,
          1,
          1,
          null,
          1,
          2,
          null,
          null
        ]
      },
      "/Users/alastairchau/projects/solo_projects/bank_tech_test/spec/statement_printer_spec.rb": {
        "lines": [
          1,
          null,
          1,
          null,
          1,
          1,
          1,
          1,
          1,
          null,
          1,
          1,
          1,
          null,
          null,
          1,
          1,
          1,
          1,
          1,
          1,
          1,
          null,
          1,
          null,
          2,
          null,
          null,
          null,
          null,
          null,
          null,
          null
        ]
      },
      "/Users/alastairchau/projects/solo_projects/bank_tech_test/spec/transaction_spec.rb": {
        "lines": [
          1,
          null,
          1,
          null,
          1,
          4,
          null,
          1,
          1,
          null,
          null,
          1,
          1,
          null,
          null,
          1,
          1,
          null,
          null,
          null,
          1,
          2,
          null,
          1,
          1,
          null,
          null,
          null,
          1,
          1,
          2,
          null,
          null,
          null,
          1,
          1,
          2,
          null,
          null,
          null,
          1,
          1,
          2,
          null,
          null,
          null
        ]
      }
    },
    "timestamp": 1671038427
  }
}
